2018-08-16 10:59:11.748  INFO 3360 --- [main] lavalink.server.Launcher                 : 

[32m       .  [31m _                  _ _       _    [32m__ _ _
[32m      /\\ [31m| | __ ___   ____ _| (_)_ __ | | __[32m\ \ \ \
[32m     ( ( )[31m| |/ _` \ \ / / _` | | | '_ \| |/ /[32m \ \ \ \
[32m      \\/ [31m| | (_| |\ V / (_| | | | | | |   < [32m  ) ) ) )
[32m       '  [31m|_|\__,_| \_/ \__,_|_|_|_| |_|_|\_\[32m / / / /
[0m    =========================================[32m/_/_/_/[0m

	Version:        3.0
	Build:          596
	Build time:     24.07.2018 17:37:08 CEST
	Branch          master
	Commit:         16e19dc
	Commit time:    24.07.2018 17:34:40 CEST
	JVM:            10.0.2
	Lavaplayer      1.3.7

2018-08-16 10:59:11.929  INFO 3360 --- [main] o.s.boot.SpringApplication               :        .   _                  _ _       _    __ _ _
      /\\ | | __ ___   ____ _| (_)_ __ | | __\ \ \ \
     ( ( )| |/ _` \ \ / / _` | | | '_ \| |/ / \ \ \ \
      \\/ | | (_| |\ V / (_| | | | | | |   <   ) ) ) )
       '  |_|\__,_| \_/ \__,_|_|_|_| |_|_|\_\ / / / /
    =========================================/_/_/_/

    :: Lavalink    ::       
    :: Spring Boot ::        (v2.0.2.RELEASE)


2018-08-16 10:59:12.103  INFO 3360 --- [main] lavalink.server.Launcher                 : Starting Launcher on Rein-Desktop with PID 3360 (C:\Users\Rein\Desktop\Kirito\src\lavalink\Lavalink.jar started by Rein in C:\Users\Rein\Desktop\Kirito\src\lavalink)
2018-08-16 10:59:12.105  INFO 3360 --- [main] lavalink.server.Launcher                 : No active profile set, falling back to default profiles: default
2018-08-16 10:59:12.186  INFO 3360 --- [main] ConfigServletWebServerApplicationContext : Refreshing org.springframework.boot.web.servlet.context.AnnotationConfigServletWebServerApplicationContext@dd0c991: startup date [Thu Aug 16 10:59:12 CEST 2018]; root of context hierarchy
2018-08-16 10:59:14.416  INFO 3360 --- [main] o.s.b.w.embedded.tomcat.TomcatWebServer  : Tomcat initialized with port(s): 2333 (http)
2018-08-16 10:59:14.449  INFO 3360 --- [main] o.apache.catalina.core.StandardService   : Starting service [Tomcat]
2018-08-16 10:59:14.451  INFO 3360 --- [main] org.apache.catalina.core.StandardEngine  : Starting Servlet Engine: Apache Tomcat/8.5.31
2018-08-16 10:59:14.479  INFO 3360 --- [localhost-startStop-1] o.a.catalina.core.AprLifecycleListener   : The APR based Apache Tomcat Native library which allows optimal performance in production environments was not found on the java.library.path: [C:\Program Files (x86)\Common Files\Oracle\Java\javapath;C:\WINDOWS\Sun\Java\bin;C:\WINDOWS\system32;C:\WINDOWS;C:\Program Files\Git\mingw64\bin;C:\Program Files\Git\usr\bin;C:\Users\Rein\bin;C:\Program Files (x86)\Common Files\Oracle\Java\javapath;C:\ProgramData\Oracle\Java\javapath;C:\Windows\system32;C:\Windows;C:\Windows\System32\Wbem;C:\Windows\System32\WindowsPowerShell\v1.0;C:\Program Files (x86)\NVIDIA Corporation\PhysX\Common;C:\WINDOWS\system32;C:\WINDOWS;C:\WINDOWS\System32\Wbem;C:\WINDOWS\System32\WindowsPowerShell\v1.0;C:\Program Files\Git\cmd;C:\Program Files (x86)\Windows Kits\8.1\Windows Performance Toolkit;C:\WINDOWS\System32\OpenSSH;C:\Program Files (x86)\Google\Cloud SDK\google-cloud-sdk\bin;C:\Program Files (x86)\Yarn\bin;C:\Program Files\nodejs;C:\Program Files\Microsoft VS Code\bin;C:\Users\Rein\.cargo\bin;C:\Program Files (x86)\Common Files\Oracle\Java\javapath;C:\ProgramData\Oracle\Java\javapath;C:\Windows\system32;C:\Windows;C:\Windows\System32\Wbem;C:\Windows\System32\WindowsPowerShell\v1.0;C:\Program Files (x86)\NVIDIA Corporation\PhysX\Common;C:\WINDOWS\system32;C:\WINDOWS;C:\WINDOWS\System32\Wbem;C:\WINDOWS\System32\WindowsPowerShell\v1.0;C:\Program Files\nodejs;C:\Program Files\Git\cmd;C:\Program Files (x86)\Windows Kits\8.1\Windows Performance Toolkit;C:\WINDOWS\System32\OpenSSH;C:\Program Files (x86)\FAHClient;C:\Program Files\Microsoft VS Code\bin;C:\Program Files (x86)\Nmap;C:\Users\Rein\Desktop\hyper\bin;C:\Users\Rein\AppData\Local\hyper\app-2.1.0-canary2\resources\bin;C:\Users\Rein\appdata\local\hyper\app-2.1.0-canary2\resources\bin;C:\Users\Rein\AppData\local\hyper\app-2.1.0-canary2\resources\bin;C:\Users\Rein\AppData\Roaming\npm;C:\Users\Rein\AppData\Local\now-cli;C:\Users\Rein\.pyenv\bin;.]
2018-08-16 10:59:14.604  INFO 3360 --- [localhost-startStop-1] o.a.c.c.C.[Tomcat].[localhost].[/]       : Initializing Spring embedded WebApplicationContext
2018-08-16 10:59:14.618  INFO 3360 --- [localhost-startStop-1] o.s.web.context.ContextLoader            : Root WebApplicationContext: initialization completed in 2432 ms
2018-08-16 10:59:14.836  INFO 3360 --- [localhost-startStop-1] o.s.b.w.servlet.ServletRegistrationBean  : Servlet dispatcherServlet mapped to [/]
2018-08-16 10:59:14.863  INFO 3360 --- [localhost-startStop-1] o.s.b.w.servlet.FilterRegistrationBean   : Mapping filter: 'characterEncodingFilter' to: [/*]
2018-08-16 10:59:14.864  INFO 3360 --- [localhost-startStop-1] o.s.b.w.servlet.FilterRegistrationBean   : Mapping filter: 'hiddenHttpMethodFilter' to: [/*]
2018-08-16 10:59:14.864  INFO 3360 --- [localhost-startStop-1] o.s.b.w.servlet.FilterRegistrationBean   : Mapping filter: 'httpPutFormContentFilter' to: [/*]
2018-08-16 10:59:14.865  INFO 3360 --- [localhost-startStop-1] o.s.b.w.servlet.FilterRegistrationBean   : Mapping filter: 'requestContextFilter' to: [/*]
2018-08-16 10:59:15.369  INFO 3360 --- [main] l.s.c.AudioSendFactoryConfiguration      : OS: Windows 10, Arch: amd64
2018-08-16 10:59:15.370  INFO 3360 --- [main] l.s.c.AudioSendFactoryConfiguration      : JDA-NAS supported system detected. Enabled native audio sending.
2018-08-16 10:59:15.371  INFO 3360 --- [main] l.s.c.AudioSendFactoryConfiguration      : Setting buffer to 400ms
2018-08-16 10:59:15.373  INFO 3360 --- [main] l.s.c.AudioSendFactoryConfiguration      : Setting playlist load limit to 600
2018-08-16 10:59:15.432  INFO 3360 --- [WebSocketSelector-23] lavalink.server.io.SocketServer          : Started WS server with port 80
2018-08-16 10:59:23.719  INFO 3360 --- [WebSocketWorker-19] lavalink.server.io.SocketServer          : Connection opened from /127.0.0.1:2921 with protocol Draft_6455 extension: DefaultExtension protocol: 
2018-08-16 10:59:27.492  INFO 3360 --- [WebSocketWorker-19] c.s.d.l.tools.GarbageCollectionMonitor   : GC monitoring enabled, reporting results every 2 minutes.
2018-08-16 10:59:27.492  INFO 3360 --- [main] c.s.d.l.tools.GarbageCollectionMonitor   : GC monitoring enabled, reporting results every 2 minutes.
2018-08-16 10:59:27.653  WARN 3360 --- [main] l.server.config.SentryConfiguration      : Turning off sentry
2018-08-16 10:59:28.911  INFO 3360 --- [main] o.s.w.s.handler.SimpleUrlHandlerMapping  : Mapped URL path [/**/favicon.ico] onto handler of type [class org.springframework.web.servlet.resource.ResourceHttpRequestHandler]
2018-08-16 10:59:29.397  INFO 3360 --- [main] s.w.s.m.m.a.RequestMappingHandlerAdapter : Looking for @ControllerAdvice: org.springframework.boot.web.servlet.context.AnnotationConfigServletWebServerApplicationContext@dd0c991: startup date [Thu Aug 16 10:59:12 CEST 2018]; root of context hierarchy
2018-08-16 10:59:30.174  INFO 3360 --- [main] s.w.s.m.m.a.RequestMappingHandlerMapping : Mapped "{[/debug/nashorn],methods=[POST]}" onto public java.lang.String lavalink.server.util.DebugRestHandler.getLoadTracks(javax.servlet.http.HttpServletRequest,javax.servlet.http.HttpServletResponse,java.lang.String,java.lang.String)
2018-08-16 10:59:30.260  INFO 3360 --- [main] s.w.s.m.m.a.RequestMappingHandlerMapping : Mapped "{[/decodetracks],methods=[POST],consumes=[application/json],produces=[application/json]}" onto public org.springframework.http.ResponseEntity<java.lang.String> lavalink.server.player.AudioLoaderRestHandler.postDecodeTracks(javax.servlet.http.HttpServletRequest,java.lang.String) throws java.io.IOException
2018-08-16 10:59:30.261  INFO 3360 --- [main] s.w.s.m.m.a.RequestMappingHandlerMapping : Mapped "{[/loadtracks],methods=[GET],produces=[application/json]}" onto public java.util.concurrent.CompletionStage<org.springframework.http.ResponseEntity<java.lang.String>> lavalink.server.player.AudioLoaderRestHandler.getLoadTracks(javax.servlet.http.HttpServletRequest,java.lang.String)
2018-08-16 10:59:30.273  INFO 3360 --- [main] s.w.s.m.m.a.RequestMappingHandlerMapping : Mapped "{[/decodetrack],methods=[GET],produces=[application/json]}" onto public org.springframework.http.ResponseEntity<java.lang.String> lavalink.server.player.AudioLoaderRestHandler.getDecodeTrack(javax.servlet.http.HttpServletRequest,java.lang.String) throws java.io.IOException
2018-08-16 10:59:30.298  INFO 3360 --- [main] s.w.s.m.m.a.RequestMappingHandlerMapping : Mapped "{[/error]}" onto public org.springframework.http.ResponseEntity<java.util.Map<java.lang.String, java.lang.Object>> org.springframework.boot.autoconfigure.web.servlet.error.BasicErrorController.error(javax.servlet.http.HttpServletRequest)
2018-08-16 10:59:30.301  INFO 3360 --- [main] s.w.s.m.m.a.RequestMappingHandlerMapping : Mapped "{[/error],produces=[text/html]}" onto public org.springframework.web.servlet.ModelAndView org.springframework.boot.autoconfigure.web.servlet.error.BasicErrorController.errorHtml(javax.servlet.http.HttpServletRequest,javax.servlet.http.HttpServletResponse)
2018-08-16 10:59:30.327  INFO 3360 --- [main] o.s.w.s.handler.SimpleUrlHandlerMapping  : Mapped URL path [/webjars/**] onto handler of type [class org.springframework.web.servlet.resource.ResourceHttpRequestHandler]
2018-08-16 10:59:30.328  INFO 3360 --- [main] o.s.w.s.handler.SimpleUrlHandlerMapping  : Mapped URL path [/**] onto handler of type [class org.springframework.web.servlet.resource.ResourceHttpRequestHandler]
2018-08-16 10:59:32.361  INFO 3360 --- [main] o.s.j.e.a.AnnotationMBeanExporter        : Registering beans for JMX exposure on startup
2018-08-16 10:59:32.503  INFO 3360 --- [main] o.s.b.w.embedded.tomcat.TomcatWebServer  : Tomcat started on port(s): 2333 (http) with context path ''
2018-08-16 10:59:32.516  INFO 3360 --- [main] lavalink.server.Launcher                 : Started Launcher in 21.75 seconds (JVM running for 22.463)
2018-08-16 11:00:35.349  INFO 3360 --- [WebSocketSelector-23] lavalink.server.io.SocketServer          : Connection closed from /127.0.0.1:2921 with protocol Draft_6455 extension: DefaultExtension protocol:  with reason An existing connection was forcibly closed by the remote host with code 1006
2018-08-16 11:00:35.353  INFO 3360 --- [WebSocketSelector-23] lavalink.server.io.SocketContext         : Shutting down 0 cores and 0 playing players.
2018-08-16 11:00:35.372  INFO 3360 --- [WebSocketSelector-23] c.s.d.l.tools.GarbageCollectionMonitor   : GC monitoring disabled.
2018-08-16 11:00:44.530  INFO 3360 --- [WebSocketWorker-20] lavalink.server.io.SocketServer          : Connection opened from /127.0.0.1:2963 with protocol Draft_6455 extension: DefaultExtension protocol: 
2018-08-16 11:00:44.531  INFO 3360 --- [WebSocketWorker-20] c.s.d.l.tools.GarbageCollectionMonitor   : GC monitoring enabled, reporting results every 2 minutes.
2018-08-16 11:00:46.212  INFO 3360 --- [WebSocketSelector-23] lavalink.server.io.SocketServer          : Connection closed from /127.0.0.1:2963 with protocol Draft_6455 extension: DefaultExtension protocol:  with reason An existing connection was forcibly closed by the remote host with code 1006
2018-08-16 11:00:46.213  INFO 3360 --- [WebSocketSelector-23] lavalink.server.io.SocketContext         : Shutting down 0 cores and 0 playing players.
2018-08-16 11:00:46.221  INFO 3360 --- [WebSocketSelector-23] c.s.d.l.tools.GarbageCollectionMonitor   : GC monitoring disabled.
2018-08-16 11:00:55.623  INFO 3360 --- [WebSocketWorker-21] lavalink.server.io.SocketServer          : Connection opened from /127.0.0.1:2973 with protocol Draft_6455 extension: DefaultExtension protocol: 
2018-08-16 11:00:55.625  INFO 3360 --- [WebSocketWorker-21] c.s.d.l.tools.GarbageCollectionMonitor   : GC monitoring enabled, reporting results every 2 minutes.
2018-08-16 11:02:52.808  INFO 3360 --- [WebSocketSelector-23] lavalink.server.io.SocketServer          : Connection closed from /127.0.0.1:2973 with protocol Draft_6455 extension: DefaultExtension protocol:  with reason An existing connection was forcibly closed by the remote host with code 1006
2018-08-16 11:02:52.810  INFO 3360 --- [WebSocketSelector-23] lavalink.server.io.SocketContext         : Shutting down 0 cores and 0 playing players.
2018-08-16 11:02:52.812  INFO 3360 --- [WebSocketSelector-23] c.s.d.l.tools.GarbageCollectionMonitor   : GC monitoring disabled.
2018-08-16 11:03:02.041  INFO 3360 --- [WebSocketWorker-22] lavalink.server.io.SocketServer          : Connection opened from /127.0.0.1:3025 with protocol Draft_6455 extension: DefaultExtension protocol: 
2018-08-16 11:03:02.042  INFO 3360 --- [WebSocketWorker-22] c.s.d.l.tools.GarbageCollectionMonitor   : GC monitoring enabled, reporting results every 2 minutes.
2018-08-16 11:04:09.420  INFO 3360 --- [WebSocketSelector-23] lavalink.server.io.SocketServer          : Connection closed from /127.0.0.1:3025 with protocol Draft_6455 extension: DefaultExtension protocol:  with reason An existing connection was forcibly closed by the remote host with code 1006
2018-08-16 11:04:09.486  INFO 3360 --- [WebSocketSelector-23] lavalink.server.io.SocketContext         : Shutting down 0 cores and 0 playing players.
2018-08-16 11:04:09.487  INFO 3360 --- [WebSocketSelector-23] c.s.d.l.tools.GarbageCollectionMonitor   : GC monitoring disabled.
2018-08-16 11:04:18.067  INFO 3360 --- [WebSocketWorker-19] lavalink.server.io.SocketServer          : Connection opened from /127.0.0.1:3048 with protocol Draft_6455 extension: DefaultExtension protocol: 
2018-08-16 11:04:18.068  INFO 3360 --- [WebSocketWorker-19] c.s.d.l.tools.GarbageCollectionMonitor   : GC monitoring enabled, reporting results every 2 minutes.
2018-08-16 11:04:47.989  INFO 3360 --- [WebSocketSelector-23] lavalink.server.io.SocketServer          : Connection closed from /127.0.0.1:3048 with protocol Draft_6455 extension: DefaultExtension protocol:  with reason An existing connection was forcibly closed by the remote host with code 1006
2018-08-16 11:04:47.991  INFO 3360 --- [WebSocketSelector-23] lavalink.server.io.SocketContext         : Shutting down 0 cores and 0 playing players.
2018-08-16 11:04:47.993  INFO 3360 --- [WebSocketSelector-23] c.s.d.l.tools.GarbageCollectionMonitor   : GC monitoring disabled.
2018-08-16 11:04:57.591  INFO 3360 --- [WebSocketWorker-20] lavalink.server.io.SocketServer          : Connection opened from /127.0.0.1:3073 with protocol Draft_6455 extension: DefaultExtension protocol: 
2018-08-16 11:04:57.597  INFO 3360 --- [WebSocketWorker-20] c.s.d.l.tools.GarbageCollectionMonitor   : GC monitoring enabled, reporting results every 2 minutes.
2018-08-16 11:06:25.463  INFO 3360 --- [WebSocketSelector-23] lavalink.server.io.SocketServer          : Connection closed from /127.0.0.1:3073 with protocol Draft_6455 extension: DefaultExtension protocol:  with reason An existing connection was forcibly closed by the remote host with code 1006
2018-08-16 11:06:25.502  INFO 3360 --- [WebSocketSelector-23] lavalink.server.io.SocketContext         : Shutting down 0 cores and 0 playing players.
2018-08-16 11:06:25.503  INFO 3360 --- [WebSocketSelector-23] c.s.d.l.tools.GarbageCollectionMonitor   : GC monitoring disabled.
2018-08-16 11:06:42.770  INFO 3360 --- [WebSocketWorker-21] lavalink.server.io.SocketServer          : Connection opened from /127.0.0.1:3088 with protocol Draft_6455 extension: DefaultExtension protocol: 
2018-08-16 11:06:42.772  INFO 3360 --- [WebSocketWorker-21] c.s.d.l.tools.GarbageCollectionMonitor   : GC monitoring enabled, reporting results every 2 minutes.
2018-08-16 11:07:57.982  INFO 3360 --- [WebSocketSelector-23] lavalink.server.io.SocketServer          : Connection closed from /127.0.0.1:3088 with protocol Draft_6455 extension: DefaultExtension protocol:  with reason An existing connection was forcibly closed by the remote host with code 1006
2018-08-16 11:07:57.983  INFO 3360 --- [WebSocketSelector-23] lavalink.server.io.SocketContext         : Shutting down 0 cores and 0 playing players.
2018-08-16 11:07:57.984  INFO 3360 --- [WebSocketSelector-23] c.s.d.l.tools.GarbageCollectionMonitor   : GC monitoring disabled.
2018-08-16 11:08:06.821  INFO 3360 --- [WebSocketWorker-22] lavalink.server.io.SocketServer          : Connection opened from /127.0.0.1:3107 with protocol Draft_6455 extension: DefaultExtension protocol: 
2018-08-16 11:08:06.831  INFO 3360 --- [WebSocketWorker-22] c.s.d.l.tools.GarbageCollectionMonitor   : GC monitoring enabled, reporting results every 2 minutes.
2018-08-16 11:09:37.308  INFO 3360 --- [WebSocketSelector-23] lavalink.server.io.SocketServer          : Connection closed from /127.0.0.1:3107 with protocol Draft_6455 extension: DefaultExtension protocol:  with reason An existing connection was forcibly closed by the remote host with code 1006
2018-08-16 11:09:37.310  INFO 3360 --- [WebSocketSelector-23] lavalink.server.io.SocketContext         : Shutting down 0 cores and 0 playing players.
2018-08-16 11:09:37.312  INFO 3360 --- [WebSocketSelector-23] c.s.d.l.tools.GarbageCollectionMonitor   : GC monitoring disabled.
2018-08-16 11:09:46.340  INFO 3360 --- [WebSocketWorker-19] lavalink.server.io.SocketServer          : Connection opened from /127.0.0.1:3126 with protocol Draft_6455 extension: DefaultExtension protocol: 
2018-08-16 11:09:46.341  INFO 3360 --- [WebSocketWorker-19] c.s.d.l.tools.GarbageCollectionMonitor   : GC monitoring enabled, reporting results every 2 minutes.
2018-08-16 11:11:15.983  INFO 3360 --- [WebSocketSelector-23] lavalink.server.io.SocketServer          : Connection closed from /127.0.0.1:3126 with protocol Draft_6455 extension: DefaultExtension protocol:  with reason An existing connection was forcibly closed by the remote host with code 1006
2018-08-16 11:11:15.985  INFO 3360 --- [WebSocketSelector-23] lavalink.server.io.SocketContext         : Shutting down 0 cores and 0 playing players.
2018-08-16 11:11:15.987  INFO 3360 --- [WebSocketSelector-23] c.s.d.l.tools.GarbageCollectionMonitor   : GC monitoring disabled.
2018-08-16 11:11:26.244  INFO 3360 --- [WebSocketWorker-20] lavalink.server.io.SocketServer          : Connection opened from /127.0.0.1:3151 with protocol Draft_6455 extension: DefaultExtension protocol: 
2018-08-16 11:11:26.245  INFO 3360 --- [WebSocketWorker-20] c.s.d.l.tools.GarbageCollectionMonitor   : GC monitoring enabled, reporting results every 2 minutes.
2018-08-16 11:11:27.217  INFO 3360 --- [WebSocketSelector-23] lavalink.server.io.SocketServer          : Connection closed from /127.0.0.1:3151 with protocol Draft_6455 extension: DefaultExtension protocol:  with reason An existing connection was forcibly closed by the remote host with code 1006
2018-08-16 11:11:27.219  INFO 3360 --- [WebSocketSelector-23] lavalink.server.io.SocketContext         : Shutting down 0 cores and 0 playing players.
2018-08-16 11:11:27.221  INFO 3360 --- [WebSocketSelector-23] c.s.d.l.tools.GarbageCollectionMonitor   : GC monitoring disabled.
2018-08-16 11:13:41.507  INFO 3360 --- [WebSocketWorker-21] lavalink.server.io.SocketServer          : Connection opened from /127.0.0.1:3177 with protocol Draft_6455 extension: DefaultExtension protocol: 
2018-08-16 11:13:41.508  INFO 3360 --- [WebSocketWorker-21] c.s.d.l.tools.GarbageCollectionMonitor   : GC monitoring enabled, reporting results every 2 minutes.
2018-08-16 11:13:43.073  INFO 3360 --- [WebSocketSelector-23] lavalink.server.io.SocketServer          : Connection closed from /127.0.0.1:3177 with protocol Draft_6455 extension: DefaultExtension protocol:  with reason An existing connection was forcibly closed by the remote host with code 1006
2018-08-16 11:13:43.078  INFO 3360 --- [WebSocketSelector-23] lavalink.server.io.SocketContext         : Shutting down 0 cores and 0 playing players.
2018-08-16 11:13:43.080  INFO 3360 --- [WebSocketSelector-23] c.s.d.l.tools.GarbageCollectionMonitor   : GC monitoring disabled.
2018-08-16 11:13:46.451 ERROR 3360 --- [pool-11-thread-1] lavalink.server.io.StatsTask             : Exception while sending stats

org.java_websocket.exceptions.WebsocketNotConnectedException: null
	at org.java_websocket.WebSocketImpl.send(WebSocketImpl.java:608) ~[Java-WebSocket-1.3.8.jar!/:na]
	at org.java_websocket.WebSocketImpl.send(WebSocketImpl.java:585) ~[Java-WebSocket-1.3.8.jar!/:na]
	at lavalink.server.io.StatsTask.sendStats(StatsTask.java:119) ~[classes!/:na]
	at lavalink.server.io.StatsTask.run(StatsTask.java:53) ~[classes!/:na]
	at java.base/java.util.concurrent.Executors$RunnableAdapter.call(Unknown Source) [na:na]
	at java.base/java.util.concurrent.FutureTask.runAndReset(Unknown Source) [na:na]
	at java.base/java.util.concurrent.ScheduledThreadPoolExecutor$ScheduledFutureTask.run(Unknown Source) [na:na]
	at java.base/java.util.concurrent.ThreadPoolExecutor.runWorker(Unknown Source) [na:na]
	at java.base/java.util.concurrent.ThreadPoolExecutor$Worker.run(Unknown Source) [na:na]
	at java.base/java.lang.Thread.run(Unknown Source) [na:na]

2018-08-16 11:50:59.563  INFO 312 --- [main] lavalink.server.Launcher                 : 

[32m       .  [31m _                  _ _       _    [32m__ _ _
[32m      /\\ [31m| | __ ___   ____ _| (_)_ __ | | __[32m\ \ \ \
[32m     ( ( )[31m| |/ _` \ \ / / _` | | | '_ \| |/ /[32m \ \ \ \
[32m      \\/ [31m| | (_| |\ V / (_| | | | | | |   < [32m  ) ) ) )
[32m       '  [31m|_|\__,_| \_/ \__,_|_|_|_| |_|_|\_\[32m / / / /
[0m    =========================================[32m/_/_/_/[0m

	Version:        3.0
	Build:          596
	Build time:     24.07.2018 17:37:08 CEST
	Branch          master
	Commit:         16e19dc
	Commit time:    24.07.2018 17:34:40 CEST
	JVM:            10.0.2
	Lavaplayer      1.3.7

2018-08-16 11:50:59.668  INFO 312 --- [main] o.s.boot.SpringApplication               :        .   _                  _ _       _    __ _ _
      /\\ | | __ ___   ____ _| (_)_ __ | | __\ \ \ \
     ( ( )| |/ _` \ \ / / _` | | | '_ \| |/ / \ \ \ \
      \\/ | | (_| |\ V / (_| | | | | | |   <   ) ) ) )
       '  |_|\__,_| \_/ \__,_|_|_|_| |_|_|\_\ / / / /
    =========================================/_/_/_/

    :: Lavalink    ::       
    :: Spring Boot ::        (v2.0.2.RELEASE)


2018-08-16 11:50:59.781  INFO 312 --- [main] lavalink.server.Launcher                 : Starting Launcher on Rein-Desktop with PID 312 (C:\Users\Rein\Desktop\Kirito\src\lavalink\Lavalink.jar started by Rein in C:\Users\Rein\Desktop\Kirito\src\lavalink)
2018-08-16 11:50:59.782  INFO 312 --- [main] lavalink.server.Launcher                 : No active profile set, falling back to default profiles: default
2018-08-16 11:50:59.841  INFO 312 --- [main] ConfigServletWebServerApplicationContext : Refreshing org.springframework.boot.web.servlet.context.AnnotationConfigServletWebServerApplicationContext@87a85e1: startup date [Thu Aug 16 11:50:59 CEST 2018]; root of context hierarchy
2018-08-16 11:51:01.830  INFO 312 --- [main] o.s.b.w.embedded.tomcat.TomcatWebServer  : Tomcat initialized with port(s): 2333 (http)
2018-08-16 11:51:01.877  INFO 312 --- [main] o.apache.catalina.core.StandardService   : Starting service [Tomcat]
2018-08-16 11:51:01.879  INFO 312 --- [main] org.apache.catalina.core.StandardEngine  : Starting Servlet Engine: Apache Tomcat/8.5.31
2018-08-16 11:51:01.902  INFO 312 --- [localhost-startStop-1] o.a.catalina.core.AprLifecycleListener   : The APR based Apache Tomcat Native library which allows optimal performance in production environments was not found on the java.library.path: [C:\Program Files (x86)\Common Files\Oracle\Java\javapath;C:\WINDOWS\Sun\Java\bin;C:\WINDOWS\system32;C:\WINDOWS;C:\Program Files\Git\mingw64\bin;C:\Program Files\Git\usr\bin;C:\Users\Rein\bin;C:\Program Files (x86)\Common Files\Oracle\Java\javapath;C:\ProgramData\Oracle\Java\javapath;C:\Windows\system32;C:\Windows;C:\Windows\System32\Wbem;C:\Windows\System32\WindowsPowerShell\v1.0;C:\Program Files (x86)\NVIDIA Corporation\PhysX\Common;C:\WINDOWS\system32;C:\WINDOWS;C:\WINDOWS\System32\Wbem;C:\WINDOWS\System32\WindowsPowerShell\v1.0;C:\Program Files\Git\cmd;C:\Program Files (x86)\Windows Kits\8.1\Windows Performance Toolkit;C:\WINDOWS\System32\OpenSSH;C:\Program Files (x86)\Google\Cloud SDK\google-cloud-sdk\bin;C:\Program Files (x86)\Yarn\bin;C:\Program Files\nodejs;C:\Program Files\Microsoft VS Code\bin;C:\Users\Rein\.cargo\bin;C:\Program Files (x86)\Common Files\Oracle\Java\javapath;C:\ProgramData\Oracle\Java\javapath;C:\Windows\system32;C:\Windows;C:\Windows\System32\Wbem;C:\Windows\System32\WindowsPowerShell\v1.0;C:\Program Files (x86)\NVIDIA Corporation\PhysX\Common;C:\WINDOWS\system32;C:\WINDOWS;C:\WINDOWS\System32\Wbem;C:\WINDOWS\System32\WindowsPowerShell\v1.0;C:\Program Files\nodejs;C:\Program Files\Git\cmd;C:\Program Files (x86)\Windows Kits\8.1\Windows Performance Toolkit;C:\WINDOWS\System32\OpenSSH;C:\Program Files (x86)\FAHClient;C:\Program Files\Microsoft VS Code\bin;C:\Program Files (x86)\Nmap;C:\Users\Rein\Desktop\hyper\bin;C:\Users\Rein\AppData\Local\hyper\app-2.1.0-canary2\resources\bin;C:\Users\Rein\appdata\local\hyper\app-2.1.0-canary2\resources\bin;C:\Users\Rein\AppData\local\hyper\app-2.1.0-canary2\resources\bin;C:\Users\Rein\AppData\Roaming\npm;C:\Users\Rein\AppData\Local\now-cli;C:\Users\Rein\.pyenv\bin;.]
2018-08-16 11:51:02.010  INFO 312 --- [localhost-startStop-1] o.a.c.c.C.[Tomcat].[localhost].[/]       : Initializing Spring embedded WebApplicationContext
2018-08-16 11:51:02.010  INFO 312 --- [localhost-startStop-1] o.s.web.context.ContextLoader            : Root WebApplicationContext: initialization completed in 2170 ms
2018-08-16 11:51:02.188  INFO 312 --- [localhost-startStop-1] o.s.b.w.servlet.ServletRegistrationBean  : Servlet dispatcherServlet mapped to [/]
2018-08-16 11:51:02.195  INFO 312 --- [localhost-startStop-1] o.s.b.w.servlet.FilterRegistrationBean   : Mapping filter: 'characterEncodingFilter' to: [/*]
2018-08-16 11:51:02.197  INFO 312 --- [localhost-startStop-1] o.s.b.w.servlet.FilterRegistrationBean   : Mapping filter: 'hiddenHttpMethodFilter' to: [/*]
2018-08-16 11:51:02.203  INFO 312 --- [localhost-startStop-1] o.s.b.w.servlet.FilterRegistrationBean   : Mapping filter: 'httpPutFormContentFilter' to: [/*]
2018-08-16 11:51:02.205  INFO 312 --- [localhost-startStop-1] o.s.b.w.servlet.FilterRegistrationBean   : Mapping filter: 'requestContextFilter' to: [/*]
2018-08-16 11:51:02.305  INFO 312 --- [main] l.s.c.AudioSendFactoryConfiguration      : OS: Windows 10, Arch: amd64
2018-08-16 11:51:02.308  INFO 312 --- [main] l.s.c.AudioSendFactoryConfiguration      : JDA-NAS supported system detected. Enabled native audio sending.
2018-08-16 11:51:02.309  INFO 312 --- [main] l.s.c.AudioSendFactoryConfiguration      : Setting buffer to 400ms
2018-08-16 11:51:02.329  INFO 312 --- [main] l.s.c.AudioSendFactoryConfiguration      : Setting playlist load limit to 600
2018-08-16 11:51:02.406  INFO 312 --- [WebSocketSelector-23] lavalink.server.io.SocketServer          : Started WS server with port 80
2018-08-16 11:51:03.103  INFO 312 --- [main] c.s.d.l.tools.GarbageCollectionMonitor   : GC monitoring enabled, reporting results every 2 minutes.
2018-08-16 11:51:03.146  WARN 312 --- [main] l.server.config.SentryConfiguration      : Turning off sentry
2018-08-16 11:51:03.253  INFO 312 --- [main] o.s.w.s.handler.SimpleUrlHandlerMapping  : Mapped URL path [/**/favicon.ico] onto handler of type [class org.springframework.web.servlet.resource.ResourceHttpRequestHandler]
2018-08-16 11:51:03.493  INFO 312 --- [main] s.w.s.m.m.a.RequestMappingHandlerAdapter : Looking for @ControllerAdvice: org.springframework.boot.web.servlet.context.AnnotationConfigServletWebServerApplicationContext@87a85e1: startup date [Thu Aug 16 11:50:59 CEST 2018]; root of context hierarchy
2018-08-16 11:51:03.629  INFO 312 --- [main] s.w.s.m.m.a.RequestMappingHandlerMapping : Mapped "{[/debug/nashorn],methods=[POST]}" onto public java.lang.String lavalink.server.util.DebugRestHandler.getLoadTracks(javax.servlet.http.HttpServletRequest,javax.servlet.http.HttpServletResponse,java.lang.String,java.lang.String)
2018-08-16 11:51:03.636  INFO 312 --- [main] s.w.s.m.m.a.RequestMappingHandlerMapping : Mapped "{[/loadtracks],methods=[GET],produces=[application/json]}" onto public java.util.concurrent.CompletionStage<org.springframework.http.ResponseEntity<java.lang.String>> lavalink.server.player.AudioLoaderRestHandler.getLoadTracks(javax.servlet.http.HttpServletRequest,java.lang.String)
2018-08-16 11:51:03.637  INFO 312 --- [main] s.w.s.m.m.a.RequestMappingHandlerMapping : Mapped "{[/decodetrack],methods=[GET],produces=[application/json]}" onto public org.springframework.http.ResponseEntity<java.lang.String> lavalink.server.player.AudioLoaderRestHandler.getDecodeTrack(javax.servlet.http.HttpServletRequest,java.lang.String) throws java.io.IOException
2018-08-16 11:51:03.638  INFO 312 --- [main] s.w.s.m.m.a.RequestMappingHandlerMapping : Mapped "{[/decodetracks],methods=[POST],consumes=[application/json],produces=[application/json]}" onto public org.springframework.http.ResponseEntity<java.lang.String> lavalink.server.player.AudioLoaderRestHandler.postDecodeTracks(javax.servlet.http.HttpServletRequest,java.lang.String) throws java.io.IOException
2018-08-16 11:51:03.642  INFO 312 --- [main] s.w.s.m.m.a.RequestMappingHandlerMapping : Mapped "{[/error]}" onto public org.springframework.http.ResponseEntity<java.util.Map<java.lang.String, java.lang.Object>> org.springframework.boot.autoconfigure.web.servlet.error.BasicErrorController.error(javax.servlet.http.HttpServletRequest)
2018-08-16 11:51:03.646  INFO 312 --- [main] s.w.s.m.m.a.RequestMappingHandlerMapping : Mapped "{[/error],produces=[text/html]}" onto public org.springframework.web.servlet.ModelAndView org.springframework.boot.autoconfigure.web.servlet.error.BasicErrorController.errorHtml(javax.servlet.http.HttpServletRequest,javax.servlet.http.HttpServletResponse)
2018-08-16 11:51:03.683  INFO 312 --- [main] o.s.w.s.handler.SimpleUrlHandlerMapping  : Mapped URL path [/webjars/**] onto handler of type [class org.springframework.web.servlet.resource.ResourceHttpRequestHandler]
2018-08-16 11:51:03.687  INFO 312 --- [main] o.s.w.s.handler.SimpleUrlHandlerMapping  : Mapped URL path [/**] onto handler of type [class org.springframework.web.servlet.resource.ResourceHttpRequestHandler]
2018-08-16 11:51:03.978  INFO 312 --- [main] o.s.j.e.a.AnnotationMBeanExporter        : Registering beans for JMX exposure on startup
2018-08-16 11:51:04.025  INFO 312 --- [main] o.s.b.w.embedded.tomcat.TomcatWebServer  : Tomcat started on port(s): 2333 (http) with context path ''
2018-08-16 11:51:04.029  INFO 312 --- [main] lavalink.server.Launcher                 : Started Launcher in 5.186 seconds (JVM running for 5.694)
2018-08-16 11:51:23.439  INFO 312 --- [http-nio-0.0.0.0-2333-exec-1] o.a.c.c.C.[Tomcat].[localhost].[/]       : Initializing Spring FrameworkServlet 'dispatcherServlet'
2018-08-16 11:51:23.440  INFO 312 --- [http-nio-0.0.0.0-2333-exec-1] o.s.web.servlet.DispatcherServlet        : FrameworkServlet 'dispatcherServlet': initialization started
2018-08-16 11:51:23.485  INFO 312 --- [http-nio-0.0.0.0-2333-exec-1] o.s.web.servlet.DispatcherServlet        : FrameworkServlet 'dispatcherServlet': initialization completed in 44 ms
2018-08-16 11:51:35.190  INFO 312 --- [shutdown hook] lavalink.server.Launcher                 : Shutdown hook triggered
2018-08-16 11:51:35.193  INFO 312 --- [Thread-8] c.s.d.l.tools.GarbageCollectionMonitor   : GC monitoring disabled.
2018-08-16 11:59:57.945  INFO 5160 --- [main] lavalink.server.Launcher                 : 

[32m       .  [31m _                  _ _       _    [32m__ _ _
[32m      /\\ [31m| | __ ___   ____ _| (_)_ __ | | __[32m\ \ \ \
[32m     ( ( )[31m| |/ _` \ \ / / _` | | | '_ \| |/ /[32m \ \ \ \
[32m      \\/ [31m| | (_| |\ V / (_| | | | | | |   < [32m  ) ) ) )
[32m       '  [31m|_|\__,_| \_/ \__,_|_|_|_| |_|_|\_\[32m / / / /
[0m    =========================================[32m/_/_/_/[0m

	Version:        3.0
	Build:          596
	Build time:     24.07.2018 17:37:08 CEST
	Branch          master
	Commit:         16e19dc
	Commit time:    24.07.2018 17:34:40 CEST
	JVM:            10.0.2
	Lavaplayer      1.3.7

2018-08-16 11:59:58.044  INFO 5160 --- [main] o.s.boot.SpringApplication               :        .   _                  _ _       _    __ _ _
      /\\ | | __ ___   ____ _| (_)_ __ | | __\ \ \ \
     ( ( )| |/ _` \ \ / / _` | | | '_ \| |/ / \ \ \ \
      \\/ | | (_| |\ V / (_| | | | | | |   <   ) ) ) )
       '  |_|\__,_| \_/ \__,_|_|_|_| |_|_|\_\ / / / /
    =========================================/_/_/_/

    :: Lavalink    ::       
    :: Spring Boot ::        (v2.0.2.RELEASE)


2018-08-16 11:59:58.226  INFO 5160 --- [main] lavalink.server.Launcher                 : Starting Launcher on Rein-Desktop with PID 5160 (C:\Users\Rein\Desktop\Kirito\src\lavalink\Lavalink.jar started by Rein in C:\Users\Rein\Desktop\Kirito\src\lavalink)
2018-08-16 11:59:58.229  INFO 5160 --- [main] lavalink.server.Launcher                 : No active profile set, falling back to default profiles: default
2018-08-16 11:59:58.308  INFO 5160 --- [main] ConfigServletWebServerApplicationContext : Refreshing org.springframework.boot.web.servlet.context.AnnotationConfigServletWebServerApplicationContext@5f683daf: startup date [Thu Aug 16 11:59:58 CEST 2018]; root of context hierarchy
2018-08-16 11:59:59.880  INFO 5160 --- [main] o.s.b.w.embedded.tomcat.TomcatWebServer  : Tomcat initialized with port(s): 2333 (http)
2018-08-16 11:59:59.914  INFO 5160 --- [main] o.apache.catalina.core.StandardService   : Starting service [Tomcat]
2018-08-16 11:59:59.915  INFO 5160 --- [main] org.apache.catalina.core.StandardEngine  : Starting Servlet Engine: Apache Tomcat/8.5.31
2018-08-16 11:59:59.926  INFO 5160 --- [localhost-startStop-1] o.a.catalina.core.AprLifecycleListener   : The APR based Apache Tomcat Native library which allows optimal performance in production environments was not found on the java.library.path: [C:\Program Files (x86)\Common Files\Oracle\Java\javapath;C:\WINDOWS\Sun\Java\bin;C:\WINDOWS\system32;C:\WINDOWS;C:\Program Files\Git\mingw64\bin;C:\Program Files\Git\usr\bin;C:\Users\Rein\bin;C:\Program Files (x86)\Common Files\Oracle\Java\javapath;C:\ProgramData\Oracle\Java\javapath;C:\Windows\system32;C:\Windows;C:\Windows\System32\Wbem;C:\Windows\System32\WindowsPowerShell\v1.0;C:\Program Files (x86)\NVIDIA Corporation\PhysX\Common;C:\WINDOWS\system32;C:\WINDOWS;C:\WINDOWS\System32\Wbem;C:\WINDOWS\System32\WindowsPowerShell\v1.0;C:\Program Files\Git\cmd;C:\Program Files (x86)\Windows Kits\8.1\Windows Performance Toolkit;C:\WINDOWS\System32\OpenSSH;C:\Program Files (x86)\Google\Cloud SDK\google-cloud-sdk\bin;C:\Program Files (x86)\Yarn\bin;C:\Program Files\nodejs;C:\Program Files\Microsoft VS Code\bin;C:\Users\Rein\.cargo\bin;C:\Program Files (x86)\Common Files\Oracle\Java\javapath;C:\ProgramData\Oracle\Java\javapath;C:\Windows\system32;C:\Windows;C:\Windows\System32\Wbem;C:\Windows\System32\WindowsPowerShell\v1.0;C:\Program Files (x86)\NVIDIA Corporation\PhysX\Common;C:\WINDOWS\system32;C:\WINDOWS;C:\WINDOWS\System32\Wbem;C:\WINDOWS\System32\WindowsPowerShell\v1.0;C:\Program Files\nodejs;C:\Program Files\Git\cmd;C:\Program Files (x86)\Windows Kits\8.1\Windows Performance Toolkit;C:\WINDOWS\System32\OpenSSH;C:\Program Files (x86)\FAHClient;C:\Program Files\Microsoft VS Code\bin;C:\Program Files (x86)\Nmap;C:\Users\Rein\Desktop\hyper\bin;C:\Users\Rein\AppData\Local\hyper\app-2.1.0-canary2\resources\bin;C:\Users\Rein\appdata\local\hyper\app-2.1.0-canary2\resources\bin;C:\Users\Rein\AppData\local\hyper\app-2.1.0-canary2\resources\bin;C:\Users\Rein\AppData\Roaming\npm;C:\Users\Rein\AppData\Local\now-cli;C:\Users\Rein\.pyenv\bin;.]
2018-08-16 12:00:00.024  INFO 5160 --- [localhost-startStop-1] o.a.c.c.C.[Tomcat].[localhost].[/]       : Initializing Spring embedded WebApplicationContext
2018-08-16 12:00:00.025  INFO 5160 --- [localhost-startStop-1] o.s.web.context.ContextLoader            : Root WebApplicationContext: initialization completed in 1722 ms
2018-08-16 12:00:00.228  INFO 5160 --- [localhost-startStop-1] o.s.b.w.servlet.ServletRegistrationBean  : Servlet dispatcherServlet mapped to [/]
2018-08-16 12:00:00.239  INFO 5160 --- [localhost-startStop-1] o.s.b.w.servlet.FilterRegistrationBean   : Mapping filter: 'characterEncodingFilter' to: [/*]
2018-08-16 12:00:00.240  INFO 5160 --- [localhost-startStop-1] o.s.b.w.servlet.FilterRegistrationBean   : Mapping filter: 'hiddenHttpMethodFilter' to: [/*]
2018-08-16 12:00:00.241  INFO 5160 --- [localhost-startStop-1] o.s.b.w.servlet.FilterRegistrationBean   : Mapping filter: 'httpPutFormContentFilter' to: [/*]
2018-08-16 12:00:00.241  INFO 5160 --- [localhost-startStop-1] o.s.b.w.servlet.FilterRegistrationBean   : Mapping filter: 'requestContextFilter' to: [/*]
2018-08-16 12:00:00.342  INFO 5160 --- [main] l.s.c.AudioSendFactoryConfiguration      : OS: Windows 10, Arch: amd64
2018-08-16 12:00:00.347  INFO 5160 --- [main] l.s.c.AudioSendFactoryConfiguration      : JDA-NAS supported system detected. Enabled native audio sending.
2018-08-16 12:00:00.347  INFO 5160 --- [main] l.s.c.AudioSendFactoryConfiguration      : Setting buffer to 400ms
2018-08-16 12:00:00.351  INFO 5160 --- [main] l.s.c.AudioSendFactoryConfiguration      : Setting playlist load limit to 600
2018-08-16 12:00:00.416  INFO 5160 --- [WebSocketSelector-23] lavalink.server.io.SocketServer          : Started WS server with port 80
2018-08-16 12:00:01.087  INFO 5160 --- [main] c.s.d.l.tools.GarbageCollectionMonitor   : GC monitoring enabled, reporting results every 2 minutes.
2018-08-16 12:00:01.118  WARN 5160 --- [main] l.server.config.SentryConfiguration      : Turning off sentry
2018-08-16 12:00:01.227  INFO 5160 --- [main] o.s.w.s.handler.SimpleUrlHandlerMapping  : Mapped URL path [/**/favicon.ico] onto handler of type [class org.springframework.web.servlet.resource.ResourceHttpRequestHandler]
2018-08-16 12:00:01.454  INFO 5160 --- [main] s.w.s.m.m.a.RequestMappingHandlerAdapter : Looking for @ControllerAdvice: org.springframework.boot.web.servlet.context.AnnotationConfigServletWebServerApplicationContext@5f683daf: startup date [Thu Aug 16 11:59:58 CEST 2018]; root of context hierarchy
2018-08-16 12:00:01.566  INFO 5160 --- [main] s.w.s.m.m.a.RequestMappingHandlerMapping : Mapped "{[/debug/nashorn],methods=[POST]}" onto public java.lang.String lavalink.server.util.DebugRestHandler.getLoadTracks(javax.servlet.http.HttpServletRequest,javax.servlet.http.HttpServletResponse,java.lang.String,java.lang.String)
2018-08-16 12:00:01.573  INFO 5160 --- [main] s.w.s.m.m.a.RequestMappingHandlerMapping : Mapped "{[/loadtracks],methods=[GET],produces=[application/json]}" onto public java.util.concurrent.CompletionStage<org.springframework.http.ResponseEntity<java.lang.String>> lavalink.server.player.AudioLoaderRestHandler.getLoadTracks(javax.servlet.http.HttpServletRequest,java.lang.String)
2018-08-16 12:00:01.577  INFO 5160 --- [main] s.w.s.m.m.a.RequestMappingHandlerMapping : Mapped "{[/decodetrack],methods=[GET],produces=[application/json]}" onto public org.springframework.http.ResponseEntity<java.lang.String> lavalink.server.player.AudioLoaderRestHandler.getDecodeTrack(javax.servlet.http.HttpServletRequest,java.lang.String) throws java.io.IOException
2018-08-16 12:00:01.579  INFO 5160 --- [main] s.w.s.m.m.a.RequestMappingHandlerMapping : Mapped "{[/decodetracks],methods=[POST],consumes=[application/json],produces=[application/json]}" onto public org.springframework.http.ResponseEntity<java.lang.String> lavalink.server.player.AudioLoaderRestHandler.postDecodeTracks(javax.servlet.http.HttpServletRequest,java.lang.String) throws java.io.IOException
2018-08-16 12:00:01.586  INFO 5160 --- [main] s.w.s.m.m.a.RequestMappingHandlerMapping : Mapped "{[/error]}" onto public org.springframework.http.ResponseEntity<java.util.Map<java.lang.String, java.lang.Object>> org.springframework.boot.autoconfigure.web.servlet.error.BasicErrorController.error(javax.servlet.http.HttpServletRequest)
2018-08-16 12:00:01.590  INFO 5160 --- [main] s.w.s.m.m.a.RequestMappingHandlerMapping : Mapped "{[/error],produces=[text/html]}" onto public org.springframework.web.servlet.ModelAndView org.springframework.boot.autoconfigure.web.servlet.error.BasicErrorController.errorHtml(javax.servlet.http.HttpServletRequest,javax.servlet.http.HttpServletResponse)
2018-08-16 12:00:01.620  INFO 5160 --- [main] o.s.w.s.handler.SimpleUrlHandlerMapping  : Mapped URL path [/webjars/**] onto handler of type [class org.springframework.web.servlet.resource.ResourceHttpRequestHandler]
2018-08-16 12:00:01.623  INFO 5160 --- [main] o.s.w.s.handler.SimpleUrlHandlerMapping  : Mapped URL path [/**] onto handler of type [class org.springframework.web.servlet.resource.ResourceHttpRequestHandler]
2018-08-16 12:00:01.891  INFO 5160 --- [main] o.s.j.e.a.AnnotationMBeanExporter        : Registering beans for JMX exposure on startup
2018-08-16 12:00:01.947  INFO 5160 --- [main] o.s.b.w.embedded.tomcat.TomcatWebServer  : Tomcat started on port(s): 2333 (http) with context path ''
2018-08-16 12:00:01.955  INFO 5160 --- [main] lavalink.server.Launcher                 : Started Launcher in 4.565 seconds (JVM running for 5.099)
2018-08-16 12:00:02.401  INFO 5160 --- [http-nio-0.0.0.0-2333-exec-10] o.a.c.c.C.[Tomcat].[localhost].[/]       : Initializing Spring FrameworkServlet 'dispatcherServlet'
2018-08-16 12:00:02.402  INFO 5160 --- [http-nio-0.0.0.0-2333-exec-10] o.s.web.servlet.DispatcherServlet        : FrameworkServlet 'dispatcherServlet': initialization started
2018-08-16 12:00:02.429  INFO 5160 --- [http-nio-0.0.0.0-2333-exec-10] o.s.web.servlet.DispatcherServlet        : FrameworkServlet 'dispatcherServlet': initialization completed in 25 ms
2018-08-16 12:02:38.786  INFO 5160 --- [http-nio-0.0.0.0-2333-exec-5] l.server.player.AudioLoaderRestHandler   : GET /loadtracks
2018-08-16 12:02:40.126  INFO 5160 --- [lava-daemon-pool-info-loader-2-thread-1] lavalink.server.player.AudioLoader       : Loaded track Hippie Sabotage - Lovely (Billie Eilish & Khalid Flip)
2018-08-16 12:02:54.546  INFO 5160 --- [http-nio-0.0.0.0-2333-exec-3] l.server.player.AudioLoaderRestHandler   : GET /loadtracks
2018-08-16 12:03:05.450  INFO 5160 --- [http-nio-0.0.0.0-2333-exec-2] l.server.player.AudioLoaderRestHandler   : GET /loadtracks
2018-08-16 12:03:05.452  INFO 5160 --- [lava-daemon-pool-info-loader-2-thread-1] lavalink.server.player.AudioLoader       : No matches found
2018-08-16 12:03:29.481  INFO 5160 --- [http-nio-0.0.0.0-2333-exec-10] l.server.player.AudioLoaderRestHandler   : GET /loadtracks
2018-08-16 12:03:29.483  INFO 5160 --- [lava-daemon-pool-info-loader-2-thread-1] lavalink.server.player.AudioLoader       : No matches found
2018-08-16 12:03:33.366  INFO 5160 --- [http-nio-0.0.0.0-2333-exec-8] l.server.player.AudioLoaderRestHandler   : GET /loadtracks
2018-08-16 12:03:33.368  INFO 5160 --- [lava-daemon-pool-info-loader-2-thread-1] lavalink.server.player.AudioLoader       : No matches found
